06.07 23:50:31 (3436) graph: Generating graph netstat_active, last 530 values
06.07 23:50:31 (3436) graph: reading data from localhost
06.07 23:50:31 (3436) graph: per pixel mode
06.07 23:50:31 (3436) graph: SELECT max(netstat_active) FROM (SELECT netstat_active FROM netstat WHERE netstat_active<>'' ORDER BY timeindex DESC LIMIT 530)
06.07 23:50:32 (3436) graph: metricmaxfp: 97  metricmax: 98
06.07 23:50:32 (3436) graph: mp: 2.44
06.07 23:50:32 (3436) graph: d=.10
06.07 23:50:32 (3436) graph: mp: 2.00
06.07 23:50:32 (3436) graph: min value: 0  max value: 120  vertical size: 240  coeff: 2.00
06.07 23:50:32 (3436) graph: SELECT netstat_active*2.00 FROM netstat ORDER BY timeindex DESC LIMIT 530
06.07 23:50:32 (3436) graph: from: 1433541092  to: 1433713832
06.07 23:50:32 (3436) graph: a=10.00 b=20.00 s=2 pof=100
06.07 23:50:32 (3436) graph: /10 :: res=10
06.07 23:50:32 (3436) graph: Y-Axis per-mark resolution is 10
06.07 23:50:32 (3436) graph: ires: 2.00 * 10 = 20
06.07 23:50:32 (3436) graph: i: 0 + 10 + 40 = 50
06.07 23:50:32 (3436) graph: imax: 50 + 240 = 290
06.07 23:50:32 (3436) graph: marks generated
06.07 23:50:32 (3436) graph: slegendX=50  slegendY=250  sadd=290
06.07 23:50:32 (3436) graph: slegend=<text font-family="Verdana" font-size="10" fill="#009900" x="50" y="250" >netstat_active</text>
06.07 23:50:32 (3436) graph: slegendY=-40
06.07 23:51:40 (4384) graph: Generating graph netstat_active, last 530 values
06.07 23:51:40 (4384) graph: reading data from localhost
06.07 23:51:40 (4384) graph: per pixel mode
06.07 23:51:40 (4384) graph: SELECT max(netstat_active) FROM (SELECT netstat_active FROM netstat WHERE netstat_active<>'' ORDER BY timeindex DESC LIMIT 530)
06.07 23:51:41 (4384) graph: metricmaxfp: 97  metricmax: 98
06.07 23:51:41 (4384) graph: mp: 2.44
06.07 23:51:41 (4384) graph: d=.10
06.07 23:51:41 (4384) graph: mp: 2.00
06.07 23:51:41 (4384) graph: min value: 0  max value: 120  vertical size: 240  coeff: 2.00
06.07 23:51:41 (4384) graph: SELECT netstat_active*2.00 FROM netstat ORDER BY timeindex DESC LIMIT 530
06.07 23:51:41 (4384) graph: from: 1433541092  to: 1433713901
06.07 23:51:41 (4384) graph: a=10.00 b=20.00 s=2 pof=100
06.07 23:51:41 (4384) graph: /10 :: res=10
06.07 23:51:41 (4384) graph: Y-Axis per-mark resolution is 10
06.07 23:51:41 (4384) graph: ires: 2.00 * 10 = 20
06.07 23:51:41 (4384) graph: i: 0 + 10 + 40 = 50
06.07 23:51:41 (4384) graph: imax: 50 + 240 = 290
06.07 23:51:41 (4384) graph: marks generated
06.07 23:51:41 (4384) graph: slegendX=50  slegendY=250  sadd=290
06.07 23:51:41 (4384) graph: slegend=<text font-family="Verdana" font-size="10" fill="#009900" x="50" y="250" >netstat_active</text>
06.07 23:51:41 (4384) graph: slegendY=-40
06.07 23:53:38 (5422) graph: Generating graph netstat_active from Thu Jun  4 19:00:00 UTC 2015 to Thu Jun  4 21:00:00 UTC 2015
06.07 23:53:38 (5422) graph: reading data from localhost
06.07 23:53:38 (5422) graph: SELECT max(netstat_active) FROM (SELECT netstat_active FROM netstat WHERE netstat_active<>'' AND timeindex BETWEEN 1433444400 AND 1433444400)
06.07 23:53:38 (5422) graph: Was unable to find the maximum, exiting
06.08 00:00:02 (5486) graph: Generating graph netstat_active from Thu Jun  4 19:00:00 UTC 2015 to Thu Jun  4 21:00:00 UTC 2015
06.08 00:00:02 (5486) graph: reading data from localhost
06.08 00:00:02 (5486) graph: SELECT max(netstat_active) FROM (SELECT netstat_active FROM netstat WHERE netstat_active<>'' AND timeindex BETWEEN 1433444400 AND 1433451600)
06.08 00:00:02 (5486) graph: metricmaxfp: 1264  metricmax: 1265
06.08 00:00:02 (5486) graph: mp: 0.18
06.08 00:00:02 (5486) graph: d=.01
06.08 00:00:02 (5486) graph: mp: .10
06.08 00:00:02 (5486) graph: min value: 0  max value: 2400  vertical size: 240  coeff: .10
06.08 00:00:02 (5486) graph: SELECT netstat_active*.10 FROM netstat WHERE timeindex BETWEEN 1433444400 AND 1433714402
06.08 00:00:02 (5486) graph: from: 1433713514  to: 1433714402
06.08 00:00:02 (5486) graph: a=200.00 b=400.00 s=3 pof=1000
06.08 00:00:02 (5486) graph: /10 :: res=100
06.08 00:00:02 (5486) graph: /5 :: res=200
06.08 00:00:02 (5486) graph: Y-Axis per-mark resolution is 200
06.08 00:00:02 (5486) graph: ires: .10 * 200 = 20
06.08 00:00:02 (5486) graph: i: 0 + 10 + 40 = 50
06.08 00:00:02 (5486) graph: imax: 50 + 240 = 290
06.08 00:00:02 (5486) graph: marks generated
06.08 00:00:02 (5486) graph: slegendX=50  slegendY=250  sadd=290
06.08 00:00:02 (5486) graph: slegend=<text font-family="Verdana" font-size="10" fill="#009900" x="50" y="250" >netstat_active</text>
06.08 00:00:02 (5486) graph: slegendY=-40
06.08 00:06:42 (12439) graph: Generating graph netstat_active from Thu Jun  4 19:00:00 UTC 2015 to Thu Jun  4 21:00:00 UTC 2015
06.08 00:06:42 (12439) graph: reading data from localhost
06.08 00:06:42 (12439) graph: SELECT max(netstat_active) FROM (SELECT netstat_active FROM netstat WHERE netstat_active<>'' AND timeindex BETWEEN 1433444400 AND 1433451600)
06.08 00:06:42 (12439) graph: metricmaxfp: 1264  metricmax: 1265
06.08 00:06:42 (12439) graph: mp: 0.18
06.08 00:06:42 (12439) graph: d=.01
06.08 00:06:42 (12439) graph: mp: .10
06.08 00:06:42 (12439) graph: min value: 0  max value: 2400  vertical size: 240  coeff: .10
06.08 00:06:42 (12439) graph: SELECT netstat_active*.10 FROM netstat WHERE timeindex BETWEEN 1433444400 AND 1433714802
06.08 00:06:42 (12439) graph: from: 1433713514  to: 1433714802
06.08 00:06:42 (12439) graph: a=200.00 b=400.00 s=3 pof=1000
06.08 00:06:42 (12439) graph: /10 :: res=100
06.08 00:06:42 (12439) graph: /5 :: res=200
06.08 00:06:42 (12439) graph: Y-Axis per-mark resolution is 200
06.08 00:06:42 (12439) graph: ires: .10 * 200 = 20
06.08 00:06:42 (12439) graph: i: 0 + 10 + 40 = 50
06.08 00:06:42 (12439) graph: imax: 50 + 240 = 290
06.08 00:06:42 (12439) graph: marks generated
06.08 00:06:42 (12439) graph: slegendX=50  slegendY=250  sadd=290
06.08 00:06:42 (12439) graph: slegend=<text font-family="Verdana" font-size="10" fill="#009900" x="50" y="250" >netstat_active</text>
06.08 00:06:42 (12439) graph: slegendY=-40
06.08 00:08:33 (19328) graph: Generating graph netstat_active from Thu Jun  4 19:00:00 UTC 2015 to Thu Jun  4 21:00:00 UTC 2015
06.08 00:08:33 (19328) graph: reading data from localhost
06.08 00:08:33 (19328) graph: SELECT max(netstat_active) FROM (SELECT netstat_active FROM netstat WHERE netstat_active<>'' AND timeindex BETWEEN 1433444400 AND 1433451600)
06.08 00:08:33 (19328) graph: metricmaxfp: 1264  metricmax: 1265
06.08 00:08:33 (19328) graph: mp: 0.18
06.08 00:08:33 (19328) graph: d=.01
06.08 00:08:33 (19328) graph: mp: .10
06.08 00:08:33 (19328) graph: min value: 0  max value: 2400  vertical size: 240  coeff: .10
06.08 00:08:33 (19328) graph: SELECT netstat_active*.10 FROM netstat WHERE timeindex BETWEEN 1433444400 AND 1433714913
06.08 00:08:33 (19328) graph: from: 1433713514  to: 1433714913
06.08 00:08:33 (19328) graph: a=200.00 b=400.00 s=3 pof=1000
06.08 00:08:33 (19328) graph: /10 :: res=100
06.08 00:08:33 (19328) graph: /5 :: res=200
06.08 00:08:33 (19328) graph: Y-Axis per-mark resolution is 200
06.08 00:08:33 (19328) graph: ires: .10 * 200 = 20
06.08 00:08:33 (19328) graph: i: 0 + 10 + 40 = 50
06.08 00:08:33 (19328) graph: imax: 50 + 240 = 290
06.08 00:08:33 (19328) graph: marks generated
06.08 00:08:33 (19328) graph: slegendX=50  slegendY=250  sadd=290
06.08 00:08:33 (19328) graph: slegend=<text font-family="Verdana" font-size="10" fill="#009900" x="50" y="250" >netstat_active</text>
06.08 00:08:33 (19328) graph: slegendY=-40
06.08 00:22:38 (20671) graph: Generating graph netstat_active from Thu Jun  4 19:00:00 UTC 2015 to Thu Jun  4 21:00:00 UTC 2015
06.08 00:22:38 (20671) graph: reading data from localhost
06.08 00:22:38 (20671) graph: SELECT max(netstat_active) FROM (SELECT netstat_active FROM netstat WHERE netstat_active<>'' AND timeindex BETWEEN 1433444400 AND 1433451600)
06.08 00:22:38 (20671) graph: metricmaxfp: 1264  metricmax: 1265
06.08 00:22:38 (20671) graph: mp: 0.18
06.08 00:22:38 (20671) graph: d=.01
06.08 00:22:38 (20671) graph: mp: .10
06.08 00:22:38 (20671) graph: min value: 0  max value: 2400  vertical size: 240  coeff: .10
06.08 00:22:38 (20671) graph: SELECT netstat_active*.10 FROM netstat WHERE timeindex BETWEEN 1433444400 AND 1433715758
06.08 00:22:38 (20671) graph: from: 1433713514  to: 1433715758
06.08 00:22:38 (20671) graph: a=200.00 b=400.00 s=3 pof=1000
06.08 00:22:38 (20671) graph: /10 :: res=100
06.08 00:22:38 (20671) graph: /5 :: res=200
06.08 00:22:38 (20671) graph: Y-Axis per-mark resolution is 200
06.08 00:22:38 (20671) graph: ires: .10 * 200 = 20
06.08 00:22:38 (20671) graph: i: 0 + 10 + 40 = 50
06.08 00:22:38 (20671) graph: imax: 50 + 240 = 290
06.08 00:22:38 (20671) graph: marks generated
06.08 00:22:38 (20671) graph: slegendX=50  slegendY=250  sadd=290
06.08 00:22:38 (20671) graph: slegend=<text font-family="Verdana" font-size="10" fill="#009900" x="50" y="250" >netstat_active</text>
06.08 00:22:38 (20671) graph: slegendY=-40
06.08 00:25:24 (21727) graph: Generating graph netstat_active from Thu Jun  4 19:00:00 UTC 2015 to Thu Jun  4 20:00:00 UTC 2015
06.08 00:25:24 (21727) graph: reading data from localhost
06.08 00:25:24 (21727) graph: SELECT max(netstat_active) FROM (SELECT netstat_active FROM netstat WHERE netstat_active<>'' AND timeindex BETWEEN 1433444400 AND 1433448000)
06.08 00:25:24 (21727) graph: metricmaxfp: 1264  metricmax: 1265
06.08 00:25:24 (21727) graph: mp: 0.18
06.08 00:25:24 (21727) graph: d=.01
06.08 00:25:24 (21727) graph: mp: .10
06.08 00:25:24 (21727) graph: min value: 0  max value: 2400  vertical size: 240  coeff: .10
06.08 00:25:24 (21727) graph: SELECT netstat_active*.10 FROM netstat WHERE timeindex BETWEEN 1433444400 AND 1433715924
06.08 00:25:24 (21727) graph: from: 1433713514  to: 1433715924
06.08 00:25:24 (21727) graph: a=200.00 b=400.00 s=3 pof=1000
06.08 00:25:24 (21727) graph: /10 :: res=100
06.08 00:25:24 (21727) graph: /5 :: res=200
06.08 00:25:24 (21727) graph: Y-Axis per-mark resolution is 200
06.08 00:25:24 (21727) graph: ires: .10 * 200 = 20
06.08 00:25:24 (21727) graph: i: 0 + 10 + 40 = 50
06.08 00:25:24 (21727) graph: imax: 50 + 240 = 290
06.08 00:25:24 (21727) graph: marks generated
06.08 00:25:24 (21727) graph: slegendX=50  slegendY=250  sadd=290
06.08 00:25:24 (21727) graph: slegend=<text font-family="Verdana" font-size="10" fill="#009900" x="50" y="250" >netstat_active</text>
06.08 00:25:24 (21727) graph: slegendY=-40
06.08 00:26:06 (22778) graph: Generating graph netstat_active from Thu Jun  4 00:00:00 UTC 2015 to Fri Jun  5 00:00:00 UTC 2015
06.08 00:26:06 (22778) graph: reading data from localhost
06.08 00:26:06 (22778) graph: SELECT max(netstat_active) FROM (SELECT netstat_active FROM netstat WHERE netstat_active<>'' AND timeindex BETWEEN 1433376000 AND 1433462400)
06.08 00:26:06 (22778) graph: metricmaxfp: 1264  metricmax: 1265
06.08 00:26:06 (22778) graph: mp: 0.18
06.08 00:26:06 (22778) graph: d=.01
06.08 00:26:06 (22778) graph: mp: .10
06.08 00:26:06 (22778) graph: min value: 0  max value: 2400  vertical size: 240  coeff: .10
06.08 00:26:06 (22778) graph: SELECT netstat_active*.10 FROM netstat WHERE timeindex BETWEEN 1433376000 AND 1433715966
06.08 00:26:06 (22778) graph: from: 1433713514  to: 1433715966
06.08 00:26:06 (22778) graph: a=200.00 b=400.00 s=3 pof=1000
06.08 00:26:06 (22778) graph: /10 :: res=100
06.08 00:26:06 (22778) graph: /5 :: res=200
06.08 00:26:06 (22778) graph: Y-Axis per-mark resolution is 200
06.08 00:26:06 (22778) graph: ires: .10 * 200 = 20
06.08 00:26:06 (22778) graph: i: 0 + 10 + 40 = 50
06.08 00:26:06 (22778) graph: imax: 50 + 240 = 290
06.08 00:26:06 (22778) graph: marks generated
06.08 00:26:06 (22778) graph: slegendX=50  slegendY=250  sadd=290
06.08 00:26:06 (22778) graph: slegend=<text font-family="Verdana" font-size="10" fill="#009900" x="50" y="250" >netstat_active</text>
06.08 00:26:06 (22778) graph: slegendY=-40
06.08 00:29:34 (24159) graph: Generating graph netstat_active from Thu Jun  4 00:00:00 UTC 2015 to Fri Jun  5 00:00:00 UTC 2015
06.08 00:29:34 (24159) graph: reading data from localhost
06.08 00:29:34 (24159) graph: SELECT max(netstat_active) FROM (SELECT netstat_active FROM netstat WHERE netstat_active<>'' AND timeindex BETWEEN 1433376000 AND 1433462400)
06.08 00:29:34 (24159) graph: metricmaxfp: 1264  metricmax: 1265
06.08 00:29:34 (24159) graph: mp: 0.18
06.08 00:29:34 (24159) graph: d=.01
06.08 00:29:34 (24159) graph: mp: .10
06.08 00:29:34 (24159) graph: min value: 0  max value: 2400  vertical size: 240  coeff: .10
06.08 00:29:34 (24159) graph: SELECT netstat_active*.10 FROM netstat WHERE timeindex BETWEEN 1433376000 AND 1433716174
06.08 00:29:34 (24159) graph: from: 1433713514  to: 1433716174
06.08 00:29:34 (24159) graph: a=200.00 b=400.00 s=3 pof=1000
06.08 00:29:34 (24159) graph: /10 :: res=100
06.08 00:29:34 (24159) graph: /5 :: res=200
06.08 00:29:34 (24159) graph: Y-Axis per-mark resolution is 200
06.08 00:29:34 (24159) graph: ires: .10 * 200 = 20
06.08 00:29:34 (24159) graph: i: 0 + 10 + 40 = 50
06.08 00:29:34 (24159) graph: imax: 50 + 240 = 290
06.08 00:29:34 (24159) graph: marks generated
06.08 00:29:34 (24159) graph: slegendX=50  slegendY=250  sadd=290
06.08 00:29:34 (24159) graph: slegend=<text font-family="Verdana" font-size="10" fill="#009900" x="50" y="250" >netstat_active</text>
06.08 00:29:34 (24159) graph: slegendY=-40
06.08 01:54:37 (25629) graph: Generating graph netstat_active from Thu Jun  4 00:00:00 UTC 2015 to Fri Jun  5 00:00:00 UTC 2015
06.08 01:54:37 (25629) graph: reading data from localhost
06.08 01:54:37 (25629) graph: SELECT max(netstat_active) FROM (SELECT netstat_active FROM netstat WHERE netstat_active<>'' AND timeindex BETWEEN 1433376000 AND 1433462400)
06.08 01:54:37 (25629) graph: metricmaxfp: 1264  metricmax: 1265
06.08 01:54:37 (25629) graph: mp: 0.18
06.08 01:54:37 (25629) graph: d=.01
06.08 01:54:37 (25629) graph: mp: .10
06.08 01:54:37 (25629) graph: min value: 0  max value: 2400  vertical size: 240  coeff: .10
06.08 01:54:37 (25629) graph: SELECT timeindex,netstat_active*.10 FROM netstat WHERE timeindex BETWEEN 1433376000 AND 1433721277
06.08 01:54:37 (25629) graph: from:   to: 1433721277
06.08 01:54:37 (25629) graph: a=200.00 b=400.00 s=3 pof=1000
06.08 01:54:37 (25629) graph: /10 :: res=100
06.08 01:54:37 (25629) graph: /5 :: res=200
06.08 01:54:37 (25629) graph: Y-Axis per-mark resolution is 200
06.08 01:54:37 (25629) graph: ires: .10 * 200 = 20
06.08 01:54:37 (25629) graph: i: 0 + 10 + 40 = 50
06.08 01:54:37 (25629) graph: imax: 50 + 240 = 290
06.08 01:54:37 (25629) graph: marks generated
06.08 01:54:37 (25629) graph: slegendX=50  slegendY=250  sadd=290
06.08 01:54:37 (25629) graph: slegend=<text font-family="Verdana" font-size="10" fill="#009900" x="50" y="250" >netstat_active</text>
06.08 01:54:37 (25629) graph: slegendY=-40
06.08 01:57:28 (1951) graph: Generating graph netstat_active from Thu Jun  4 00:00:00 UTC 2015 to Fri Jun  5 00:00:00 UTC 2015
06.08 01:57:28 (1951) graph: reading data from localhost
06.08 01:57:28 (1951) graph: SELECT max(netstat_active) FROM (SELECT netstat_active FROM netstat WHERE netstat_active<>'' AND timeindex BETWEEN 1433376000 AND 1433462400)
06.08 01:57:28 (1951) graph: metricmaxfp: 1264  metricmax: 1265
06.08 01:57:28 (1951) graph: mp: 0.18
06.08 01:57:28 (1951) graph: d=.01
06.08 01:57:28 (1951) graph: mp: .10
06.08 01:57:28 (1951) graph: min value: 0  max value: 2400  vertical size: 240  coeff: .10
06.08 01:57:28 (1951) graph: SELECT timeindex,netstat_active*.10 FROM netstat WHERE timeindex BETWEEN 1433376000 AND 1433721448
06.08 01:57:28 (1951) graph: from:   to: 1433721448
06.08 01:57:28 (1951) graph: a=200.00 b=400.00 s=3 pof=1000
06.08 01:57:28 (1951) graph: /10 :: res=100
06.08 01:57:28 (1951) graph: /5 :: res=200
06.08 01:57:28 (1951) graph: Y-Axis per-mark resolution is 200
06.08 01:57:28 (1951) graph: ires: .10 * 200 = 20
06.08 01:57:28 (1951) graph: i: 0 + 10 + 40 = 50
06.08 01:57:28 (1951) graph: imax: 50 + 240 = 290
06.08 01:57:28 (1951) graph: marks generated
06.08 01:57:28 (1951) graph: slegendX=50  slegendY=250  sadd=290
06.08 01:57:28 (1951) graph: slegend=<text font-family="Verdana" font-size="10" fill="#009900" x="50" y="250" >netstat_active</text>
06.08 01:57:28 (1951) graph: slegendY=-40
06.08 01:58:19 (10701) graph: Generating graph netstat_active from Thu Jun  4 00:00:00 UTC 2015 to Fri Jun  5 00:00:00 UTC 2015
06.08 01:58:19 (10701) graph: reading data from localhost
06.08 01:58:19 (10701) graph: SELECT max(netstat_active) FROM (SELECT netstat_active FROM netstat WHERE netstat_active<>'' AND timeindex BETWEEN 1433376000 AND 1433462400)
06.08 01:58:19 (10701) graph: metricmaxfp: 1264  metricmax: 1265
06.08 01:58:19 (10701) graph: mp: 0.18
06.08 01:58:19 (10701) graph: d=.01
06.08 01:58:19 (10701) graph: mp: .10
06.08 01:58:19 (10701) graph: min value: 0  max value: 2400  vertical size: 240  coeff: .10
06.08 01:58:19 (10701) graph: SELECT timeindex,netstat_active*.10 FROM netstat WHERE timeindex BETWEEN 1433376000 AND 1433721499
06.08 01:58:19 (10701) graph: from:   to: 1433721499
06.08 01:58:19 (10701) graph: a=200.00 b=400.00 s=3 pof=1000
06.08 01:58:19 (10701) graph: /10 :: res=100
06.08 01:58:19 (10701) graph: /5 :: res=200
06.08 01:58:19 (10701) graph: Y-Axis per-mark resolution is 200
06.08 01:58:19 (10701) graph: ires: .10 * 200 = 20
06.08 01:58:19 (10701) graph: i: 0 + 10 + 40 = 50
06.08 01:58:19 (10701) graph: imax: 50 + 240 = 290
06.08 01:58:19 (10701) graph: marks generated
06.08 01:58:19 (10701) graph: slegendX=50  slegendY=250  sadd=290
06.08 01:58:19 (10701) graph: slegend=<text font-family="Verdana" font-size="10" fill="#009900" x="50" y="250" >netstat_active</text>
06.08 01:58:19 (10701) graph: slegendY=-40
06.08 02:04:31 (19392) graph: Generating graph netstat_active from Thu Jun  4 00:00:00 UTC 2015 to Fri Jun  5 00:00:00 UTC 2015
06.08 02:04:31 (19392) graph: reading data from localhost
06.08 02:04:31 (19392) graph: SELECT max(netstat_active) FROM (SELECT netstat_active FROM netstat WHERE netstat_active<>'' AND timeindex BETWEEN 1433376000 AND 1433462400)
06.08 02:04:31 (19392) graph: metricmaxfp: 1264  metricmax: 1265
06.08 02:04:31 (19392) graph: mp: 0.18
06.08 02:04:31 (19392) graph: d=.01
06.08 02:04:31 (19392) graph: mp: .10
06.08 02:04:31 (19392) graph: min value: 0  max value: 2400  vertical size: 240  coeff: .10
06.08 02:04:31 (19392) graph: SELECT netstat_active*.10 FROM netstat AND timeindex BETWEEN 1433376000 AND 1433462400
06.08 02:04:31 (19392) graph: from: 1433376000  to: 1433721871
06.08 02:04:31 (19392) graph: Too little data for graph or connection to localhost problem. Graph is not generated.
06.08 02:07:17 (19497) graph: Generating graph netstat_active from Thu Jun  4 00:00:00 UTC 2015 to Fri Jun  5 00:00:00 UTC 2015
06.08 02:07:17 (19497) graph: reading data from localhost
06.08 02:07:17 (19497) graph: SELECT max(netstat_active) FROM (SELECT netstat_active FROM netstat WHERE netstat_active<>'' AND timeindex BETWEEN 1433376000 AND 1433462400)
06.08 02:07:17 (19497) graph: metricmaxfp: 1264  metricmax: 1265
06.08 02:07:17 (19497) graph: mp: 0.18
06.08 02:07:17 (19497) graph: d=.01
06.08 02:07:17 (19497) graph: mp: .10
06.08 02:07:17 (19497) graph: min value: 0  max value: 2400  vertical size: 240  coeff: .10
06.08 02:07:17 (19497) graph: SELECT netstat_active*.10 FROM netstat WHERE timeindex BETWEEN 1433376000 AND 1433722037
06.08 02:07:17 (19497) graph: from: 1433376000  to: 1433722037
06.08 02:07:17 (19497) graph: a=200.00 b=400.00 s=3 pof=1000
06.08 02:07:17 (19497) graph: /10 :: res=100
06.08 02:07:17 (19497) graph: /5 :: res=200
06.08 02:07:17 (19497) graph: Y-Axis per-mark resolution is 200
06.08 02:07:17 (19497) graph: ires: .10 * 200 = 20
06.08 02:07:17 (19497) graph: i: 0 + 10 + 40 = 50
06.08 02:07:17 (19497) graph: imax: 50 + 240 = 290
06.08 02:07:17 (19497) graph: marks generated
06.08 02:07:17 (19497) graph: slegendX=50  slegendY=250  sadd=290
06.08 02:07:17 (19497) graph: slegend=<text font-family="Verdana" font-size="10" fill="#009900" x="50" y="250" >netstat_active</text>
06.08 02:07:17 (19497) graph: slegendY=-40
06.08 02:09:01 (28327) graph: Generating graph netstat_active from Thu Jun  4 00:00:00 UTC 2015 to Fri Jun  5 00:00:00 UTC 2015
06.08 02:09:01 (28327) graph: reading data from localhost
06.08 02:09:01 (28327) graph: SELECT max(netstat_active) FROM (SELECT netstat_active FROM netstat WHERE netstat_active<>'' AND timeindex BETWEEN 1433376000 AND 1433462400)
06.08 02:09:01 (28327) graph: metricmaxfp: 1264  metricmax: 1265
06.08 02:09:01 (28327) graph: mp: 0.18
06.08 02:09:01 (28327) graph: d=.01
06.08 02:09:01 (28327) graph: mp: .10
06.08 02:09:01 (28327) graph: min value: 0  max value: 2400  vertical size: 240  coeff: .10
06.08 02:09:01 (28327) graph: SELECT netstat_active*.10 FROM netstat WHERE timeindex BETWEEN 1433376000 AND 1433722141
06.08 02:09:01 (28327) graph: from: 1433376000  to: 1433722141
06.08 02:09:01 (28327) graph: a=200.00 b=400.00 s=3 pof=1000
06.08 02:09:01 (28327) graph: /10 :: res=100
06.08 02:09:01 (28327) graph: /5 :: res=200
06.08 02:09:01 (28327) graph: Y-Axis per-mark resolution is 200
06.08 02:09:01 (28327) graph: ires: .10 * 200 = 20
06.08 02:09:01 (28327) graph: i: 0 + 10 + 40 = 50
06.08 02:09:01 (28327) graph: imax: 50 + 240 = 290
06.08 02:09:01 (28327) graph: marks generated
06.08 02:09:01 (28327) graph: slegendX=50  slegendY=250  sadd=290
06.08 02:09:01 (28327) graph: slegend=<text font-family="Verdana" font-size="10" fill="#009900" x="50" y="250" >netstat_active</text>
06.08 02:09:01 (28327) graph: slegendY=-40
06.08 02:09:58 (4776) graph: Generating graph netstat_active from Thu Jun  4 00:00:00 UTC 2015 to Fri Jun  5 00:00:00 UTC 2015
06.08 02:09:58 (4776) graph: reading data from localhost
06.08 02:09:58 (4776) graph: SELECT max(netstat_active) FROM (SELECT netstat_active FROM netstat WHERE netstat_active<>'' AND timeindex BETWEEN 1433376000 AND 1433462400)
06.08 02:09:58 (4776) graph: metricmaxfp: 1264  metricmax: 1265
06.08 02:09:58 (4776) graph: mp: 0.18
06.08 02:09:59 (4776) graph: d=.01
06.08 02:09:59 (4776) graph: mp: .10
06.08 02:09:59 (4776) graph: min value: 0  max value: 2400  vertical size: 240  coeff: .10
06.08 02:09:59 (4776) graph: SELECT netstat_active*.10 FROM netstat WHERE timeindex BETWEEN 1433376000 AND 1433722199
06.08 02:09:59 (4776) graph: from: 1433376000  to: 1433722199
06.08 02:09:59 (4776) graph: a=200.00 b=400.00 s=3 pof=1000
06.08 02:09:59 (4776) graph: /10 :: res=100
06.08 02:09:59 (4776) graph: /5 :: res=200
06.08 02:09:59 (4776) graph: Y-Axis per-mark resolution is 200
06.08 02:09:59 (4776) graph: ires: .10 * 200 = 20
06.08 02:09:59 (4776) graph: i: 0 + 10 + 40 = 50
06.08 02:09:59 (4776) graph: imax: 50 + 240 = 290
06.08 02:09:59 (4776) graph: marks generated
06.08 02:09:59 (4776) graph: slegendX=50  slegendY=250  sadd=290
06.08 02:09:59 (4776) graph: slegend=<text font-family="Verdana" font-size="10" fill="#009900" x="50" y="250" >netstat_active</text>
06.08 02:09:59 (4776) graph: slegendY=-40
06.08 02:11:59 (13527) graph: Generating graph netstat_active from Thu Jun  4 00:00:00 UTC 2015 to Fri Jun  5 00:00:00 UTC 2015
06.08 02:11:59 (13527) graph: reading data from localhost
06.08 02:11:59 (13527) graph: SELECT max(netstat_active) FROM (SELECT netstat_active FROM netstat WHERE netstat_active<>'' AND timeindex BETWEEN 1433376000 AND 1433462400)
06.08 02:11:59 (13527) graph: metricmaxfp: 1264  metricmax: 1265
06.08 02:11:59 (13527) graph: mp: 0.18
06.08 02:11:59 (13527) graph: d=.01
06.08 02:11:59 (13527) graph: mp: .10
06.08 02:11:59 (13527) graph: min value: 0  max value: 2400  vertical size: 240  coeff: .10
06.08 02:11:59 (13527) graph: SELECT timeindex,netstat_active*.10 FROM netstat WHERE timeindex BETWEEN 1433376000 AND 1433722319
06.08 02:11:59 (13527) graph: from: 1433376000  to: 1433722319
06.08 02:12:00 (13527) graph: a=200.00 b=400.00 s=3 pof=1000
06.08 02:12:00 (13527) graph: /10 :: res=100
06.08 02:12:00 (13527) graph: /5 :: res=200
06.08 02:12:00 (13527) graph: Y-Axis per-mark resolution is 200
06.08 02:12:00 (13527) graph: ires: .10 * 200 = 20
06.08 02:12:00 (13527) graph: i: 0 + 10 + 40 = 50
06.08 02:12:00 (13527) graph: imax: 50 + 240 = 290
06.08 02:12:00 (13527) graph: marks generated
06.08 02:12:00 (13527) graph: slegendX=50  slegendY=250  sadd=290
06.08 02:12:00 (13527) graph: slegend=<text font-family="Verdana" font-size="10" fill="#009900" x="50" y="250" >netstat_active</text>
06.08 02:12:00 (13527) graph: slegendY=-40
06.08 02:15:21 (22292) graph: Generating graph netstat_active from Thu Jun  4 00:00:00 UTC 2015 to Fri Jun  5 00:00:00 UTC 2015
06.08 02:15:21 (22292) graph: reading data from localhost
06.08 02:15:21 (22292) graph: SELECT max(netstat_active) FROM (SELECT netstat_active FROM netstat WHERE netstat_active<>'' AND timeindex BETWEEN 1433376000 AND 1433462400)
06.08 02:15:21 (22292) graph: metricmaxfp: 1264  metricmax: 1265
06.08 02:15:21 (22292) graph: mp: 0.18
06.08 02:15:21 (22292) graph: d=.01
06.08 02:15:21 (22292) graph: mp: .10
06.08 02:15:21 (22292) graph: min value: 0  max value: 2400  vertical size: 240  coeff: .10
06.08 02:15:21 (22292) graph: SELECT timeindex,netstat_active*.10 FROM netstat WHERE timeindex BETWEEN 1433376000 AND 1433722521
06.08 02:15:21 (22292) graph: from: 1433376000  to: 1433722521
06.08 02:15:21 (22292) graph: a=200.00 b=400.00 s=3 pof=1000
06.08 02:15:21 (22292) graph: /10 :: res=100
06.08 02:15:21 (22292) graph: /5 :: res=200
06.08 02:15:21 (22292) graph: Y-Axis per-mark resolution is 200
06.08 02:15:21 (22292) graph: ires: .10 * 200 = 20
06.08 02:15:21 (22292) graph: i: 0 + 10 + 40 = 50
06.08 02:15:21 (22292) graph: imax: 50 + 240 = 290
06.08 02:15:21 (22292) graph: marks generated
06.08 02:15:21 (22292) graph: slegendX=50  slegendY=250  sadd=290
06.08 02:15:21 (22292) graph: slegend=<text font-family="Verdana" font-size="10" fill="#009900" x="50" y="250" >netstat_active</text>
06.08 02:15:21 (22292) graph: slegendY=-40
06.08 02:21:37 (31118) graph: Generating graph netstat_active from Thu Jun  4 00:00:00 UTC 2015 to Fri Jun  5 00:00:00 UTC 2015
06.08 02:21:37 (31118) graph: reading data from localhost
06.08 02:21:37 (31118) graph: SELECT max(netstat_active) FROM (SELECT netstat_active FROM netstat WHERE netstat_active<>'' AND timeindex BETWEEN 1433376000 AND 1433462400)
06.08 02:21:37 (31118) graph: metricmaxfp: 1264  metricmax: 1265
06.08 02:21:37 (31118) graph: mp: 0.18
06.08 02:21:37 (31118) graph: d=.01
06.08 02:21:37 (31118) graph: mp: .10
06.08 02:21:37 (31118) graph: min value: 0  max value: 2400  vertical size: 240  coeff: .10
06.08 02:21:37 (31118) graph: SELECT timeindex,netstat_active*.10 FROM netstat WHERE timeindex BETWEEN 1433376000 AND 1433722897
06.08 02:21:37 (31118) graph: from: 1433376000  to: 1433722897
06.08 02:21:37 (31118) graph: a=200.00 b=400.00 s=3 pof=1000
06.08 02:21:37 (31118) graph: /10 :: res=100
06.08 02:21:37 (31118) graph: /5 :: res=200
06.08 02:21:37 (31118) graph: Y-Axis per-mark resolution is 200
06.08 02:21:37 (31118) graph: ires: .10 * 200 = 20
06.08 02:21:37 (31118) graph: i: 0 + 10 + 40 = 50
06.08 02:21:37 (31118) graph: imax: 50 + 240 = 290
06.08 02:21:37 (31118) graph: marks generated
06.08 02:21:37 (31118) graph: slegendX=50  slegendY=250  sadd=290
06.08 02:21:37 (31118) graph: slegend=<text font-family="Verdana" font-size="10" fill="#009900" x="50" y="250" >netstat_active</text>
06.08 02:21:37 (31118) graph: slegendY=-40
06.08 02:23:24 (7568) graph: Generating graph netstat_active from Thu Jun  4 00:00:00 UTC 2015 to Fri Jun  5 00:00:00 UTC 2015
06.08 02:23:24 (7568) graph: reading data from localhost
06.08 02:23:24 (7568) graph: SELECT max(netstat_active) FROM (SELECT netstat_active FROM netstat WHERE netstat_active<>'' AND timeindex BETWEEN 1433376000 AND 1433462400)
06.08 02:23:24 (7568) graph: metricmaxfp: 1264  metricmax: 1265
06.08 02:23:24 (7568) graph: mp: 0.18
06.08 02:23:24 (7568) graph: d=.01
06.08 02:23:24 (7568) graph: mp: .10
06.08 02:23:24 (7568) graph: min value: 0  max value: 2400  vertical size: 240  coeff: .10
06.08 02:23:24 (7568) graph: SELECT timeindex,netstat_active*.10 FROM netstat WHERE timeindex BETWEEN 1433376000 AND 1433723004
06.08 02:23:24 (7568) graph: from: 1433376000  to: 1433723004
06.08 02:23:25 (7568) graph: a=200.00 b=400.00 s=3 pof=1000
06.08 02:23:25 (7568) graph: /10 :: res=100
06.08 02:23:25 (7568) graph: /5 :: res=200
06.08 02:23:25 (7568) graph: Y-Axis per-mark resolution is 200
06.08 02:23:25 (7568) graph: ires: .10 * 200 = 20
06.08 02:23:25 (7568) graph: i: 0 + 10 + 40 = 50
06.08 02:23:25 (7568) graph: imax: 50 + 240 = 290
06.08 02:23:25 (7568) graph: marks generated
06.08 02:23:25 (7568) graph: slegendX=50  slegendY=250  sadd=290
06.08 02:23:25 (7568) graph: slegend=<text font-family="Verdana" font-size="10" fill="#009900" x="50" y="250" >netstat_active</text>
06.08 02:23:25 (7568) graph: slegendY=-40
06.08 02:24:28 (17354) graph: Generating graph netstat_active from Thu Jun  4 19:00:00 UTC 2015 to Thu Jun  4 21:00:00 UTC 2015
06.08 02:24:28 (17354) graph: reading data from localhost
06.08 02:24:28 (17354) graph: SELECT max(netstat_active) FROM (SELECT netstat_active FROM netstat WHERE netstat_active<>'' AND timeindex BETWEEN 1433444400 AND 1433451600)
06.08 02:24:28 (17354) graph: metricmaxfp: 1264  metricmax: 1265
06.08 02:24:28 (17354) graph: mp: 0.18
06.08 02:24:28 (17354) graph: d=.01
06.08 02:24:28 (17354) graph: mp: .10
06.08 02:24:28 (17354) graph: min value: 0  max value: 2400  vertical size: 240  coeff: .10
06.08 02:24:28 (17354) graph: SELECT timeindex,netstat_active*.10 FROM netstat WHERE timeindex BETWEEN 1433444400 AND 1433723068
06.08 02:24:28 (17354) graph: from: 1433444400  to: 1433723068
06.08 02:24:28 (17354) graph: a=200.00 b=400.00 s=3 pof=1000
06.08 02:24:28 (17354) graph: /10 :: res=100
06.08 02:24:28 (17354) graph: /5 :: res=200
06.08 02:24:28 (17354) graph: Y-Axis per-mark resolution is 200
06.08 02:24:28 (17354) graph: ires: .10 * 200 = 20
06.08 02:24:28 (17354) graph: i: 0 + 10 + 40 = 50
06.08 02:24:28 (17354) graph: imax: 50 + 240 = 290
06.08 02:24:28 (17354) graph: marks generated
06.08 02:24:28 (17354) graph: slegendX=50  slegendY=250  sadd=290
06.08 02:24:28 (17354) graph: slegend=<text font-family="Verdana" font-size="10" fill="#009900" x="50" y="250" >netstat_active</text>
06.08 02:24:28 (17354) graph: slegendY=-40
06.08 02:25:09 (25264) graph: Generating graph netstat_active from Thu Jun  4 00:00:00 UTC 2015 to Thu Jun  4 00:00:00 UTC 2015
06.08 02:25:09 (25264) graph: reading data from localhost
06.08 02:25:09 (25264) graph: SELECT max(netstat_active) FROM (SELECT netstat_active FROM netstat WHERE netstat_active<>'' AND timeindex BETWEEN 1433376000 AND 1433376000)
06.08 02:25:09 (25264) graph: Was unable to find the maximum, exiting
06.08 02:25:15 (25318) graph: Generating graph netstat_active from Thu Jun  4 00:00:00 UTC 2015 to Fri Jun  5 00:00:00 UTC 2015
06.08 02:25:15 (25318) graph: reading data from localhost
06.08 02:25:15 (25318) graph: SELECT max(netstat_active) FROM (SELECT netstat_active FROM netstat WHERE netstat_active<>'' AND timeindex BETWEEN 1433376000 AND 1433462400)
06.08 02:25:15 (25318) graph: metricmaxfp: 1264  metricmax: 1265
06.08 02:25:15 (25318) graph: mp: 0.18
06.08 02:25:15 (25318) graph: d=.01
06.08 02:25:15 (25318) graph: mp: .10
06.08 02:25:15 (25318) graph: min value: 0  max value: 2400  vertical size: 240  coeff: .10
06.08 02:25:15 (25318) graph: SELECT timeindex,netstat_active*.10 FROM netstat WHERE timeindex BETWEEN 1433376000 AND 1433723115
06.08 02:25:15 (25318) graph: from: 1433376000  to: 1433723115
06.08 02:25:15 (25318) graph: a=200.00 b=400.00 s=3 pof=1000
06.08 02:25:15 (25318) graph: /10 :: res=100
06.08 02:25:15 (25318) graph: /5 :: res=200
06.08 02:25:15 (25318) graph: Y-Axis per-mark resolution is 200
06.08 02:25:15 (25318) graph: ires: .10 * 200 = 20
06.08 02:25:15 (25318) graph: i: 0 + 10 + 40 = 50
06.08 02:25:15 (25318) graph: imax: 50 + 240 = 290
06.08 02:25:16 (25318) graph: marks generated
06.08 02:25:16 (25318) graph: slegendX=50  slegendY=250  sadd=290
06.08 02:25:16 (25318) graph: slegend=<text font-family="Verdana" font-size="10" fill="#009900" x="50" y="250" >netstat_active</text>
06.08 02:25:16 (25318) graph: slegendY=-40
06.08 02:31:29 (2860) graph: Generating graph netstat_active from Thu Jun  4 00:00:00 UTC 2015 to Fri Jun  5 00:00:00 UTC 2015
06.08 02:31:29 (2860) graph: reading data from localhost
06.08 02:31:29 (2860) graph: SELECT max(netstat_active) FROM (SELECT netstat_active FROM netstat WHERE netstat_active<>'' AND timeindex BETWEEN 1433376000 AND 1433462400)
06.08 02:31:29 (2860) graph: metricmaxfp: 1264  metricmax: 1265
06.08 02:31:29 (2860) graph: mp: 0.18
06.08 02:31:29 (2860) graph: d=.01
06.08 02:31:29 (2860) graph: mp: .10
06.08 02:31:29 (2860) graph: min value: 0  max value: 2400  vertical size: 240  coeff: .10
06.08 02:31:29 (2860) graph: SELECT timeindex,netstat_active*.10 FROM netstat WHERE timeindex BETWEEN 1433376000 AND 1433723489
06.08 02:31:29 (2860) graph: from: 1433376000  to: 1433723489
06.08 02:31:29 (2860) graph: a=200.00 b=400.00 s=3 pof=1000
06.08 02:31:29 (2860) graph: /10 :: res=100
06.08 02:31:29 (2860) graph: /5 :: res=200
06.08 02:31:29 (2860) graph: Y-Axis per-mark resolution is 200
06.08 02:31:29 (2860) graph: ires: .10 * 200 = 20
06.08 02:31:29 (2860) graph: i: 0 + 10 + 40 = 50
06.08 02:31:29 (2860) graph: imax: 50 + 240 = 290
06.08 02:31:29 (2860) graph: marks generated
06.08 02:31:29 (2860) graph: slegendX=50  slegendY=250  sadd=290
06.08 02:31:29 (2860) graph: slegend=<text font-family="Verdana" font-size="10" fill="#009900" x="50" y="250" >netstat_active</text>
06.08 02:31:29 (2860) graph: slegendY=-40
06.08 02:32:06 (12657) graph: Generating graph netstat_active from Thu Jun  4 00:00:00 UTC 2015 to Fri Jun  5 00:00:00 UTC 2015
06.08 02:32:06 (12657) graph: reading data from localhost
06.08 02:32:06 (12657) graph: SELECT max(netstat_active) FROM (SELECT netstat_active FROM netstat WHERE netstat_active<>'' AND timeindex BETWEEN 1433376000 AND 1433462400)
06.08 02:32:06 (12657) graph: metricmaxfp: 1264  metricmax: 1265
06.08 02:32:06 (12657) graph: mp: 0.18
06.08 02:32:06 (12657) graph: d=.01
06.08 02:32:06 (12657) graph: mp: .10
06.08 02:32:06 (12657) graph: min value: 0  max value: 2400  vertical size: 240  coeff: .10
06.08 02:32:06 (12657) graph: SELECT timeindex,netstat_active*.10 FROM netstat WHERE timeindex BETWEEN 1433376000 AND 1433462400
06.08 02:32:06 (12657) graph: from: 1433376000  to: 1433462400
06.08 02:32:06 (12657) graph: a=200.00 b=400.00 s=3 pof=1000
06.08 02:32:06 (12657) graph: /10 :: res=100
06.08 02:32:06 (12657) graph: /5 :: res=200
06.08 02:32:06 (12657) graph: Y-Axis per-mark resolution is 200
06.08 02:32:06 (12657) graph: ires: .10 * 200 = 20
06.08 02:32:06 (12657) graph: i: 0 + 10 + 40 = 50
06.08 02:32:06 (12657) graph: imax: 50 + 240 = 290
06.08 02:32:06 (12657) graph: marks generated
06.08 02:32:06 (12657) graph: slegendX=50  slegendY=250  sadd=290
06.08 02:32:06 (12657) graph: slegend=<text font-family="Verdana" font-size="10" fill="#009900" x="50" y="250" >netstat_active</text>
06.08 02:32:06 (12657) graph: slegendY=-40
06.08 02:32:23 (15616) graph: Generating graph netstat_active from Thu Jun  4 19:00:00 UTC 2015 to Thu Jun  4 21:00:00 UTC 2015
06.08 02:32:23 (15616) graph: reading data from localhost
06.08 02:32:23 (15616) graph: SELECT max(netstat_active) FROM (SELECT netstat_active FROM netstat WHERE netstat_active<>'' AND timeindex BETWEEN 1433444400 AND 1433451600)
06.08 02:32:23 (15616) graph: metricmaxfp: 1264  metricmax: 1265
06.08 02:32:23 (15616) graph: mp: 0.18
06.08 02:32:23 (15616) graph: d=.01
06.08 02:32:23 (15616) graph: mp: .10
06.08 02:32:23 (15616) graph: min value: 0  max value: 2400  vertical size: 240  coeff: .10
06.08 02:32:23 (15616) graph: SELECT timeindex,netstat_active*.10 FROM netstat WHERE timeindex BETWEEN 1433444400 AND 1433451600
06.08 02:32:23 (15616) graph: from: 1433444400  to: 1433451600
06.08 02:32:23 (15616) graph: a=200.00 b=400.00 s=3 pof=1000
06.08 02:32:23 (15616) graph: /10 :: res=100
06.08 02:32:23 (15616) graph: /5 :: res=200
06.08 02:32:23 (15616) graph: Y-Axis per-mark resolution is 200
06.08 02:32:23 (15616) graph: ires: .10 * 200 = 20
06.08 02:32:23 (15616) graph: i: 0 + 10 + 40 = 50
06.08 02:32:23 (15616) graph: imax: 50 + 240 = 290
06.08 02:32:23 (15616) graph: marks generated
06.08 02:32:23 (15616) graph: slegendX=50  slegendY=250  sadd=290
06.08 02:32:23 (15616) graph: slegend=<text font-family="Verdana" font-size="10" fill="#009900" x="50" y="250" >netstat_active</text>
06.08 02:32:23 (15616) graph: slegendY=-40
